
ROM used:   1860/8192 (23%)
            1860/8192 (23%) including unused fragments

            2.2 Average locations per line
            20.0 Average locations per statement

RAM used:   73/368 (20%) at main() level
            88/368 (24%) worst case

Stack used: 2 worst case (1 in main + 1 for interrupts)
Stack size: 8

Lines Stmts  %   Files
----- ----- ---  -----
  166    93 100  main.c
  671     0   0  ..\..\..\..\..\..\Program Files (x86)\PICC\Devices\16F877A.h
----- -----
  837    93 Total

Page ROM  %  RAM   Vol Diff  Functions:
---- --- --- ---   --- ----  ----------
 Inline         1             @I2C_WRITE_1
0     33   2    1   207  4.0  RB_IOC_ISR
0     70   4    2   270  5.5  SSP_isr
0    899  48    8  2973  8.9  MAIN
0     37   2    2             @SITOF
0    202  11   14             @DIVFF
0    117   6   13             @MULFF
0    321  17   16             @ADDFF
0     31   2    2             @ITOF
0     31   2    4             @SFTOI
0     63   3   10             @FLT
 Inline         0             @cinit1

Program metrics:
    Functions               3
    Statements              93
    Comments                126
    Volume (V)              3920
    Difficulty (D)          18.2
    Effort to implement (E) 71435
    Time to implement (T)   1 hours, 6 minutes
    Est Delivered Bugs (B)  1
    Cyclomatic Complexity   11
    Maintainability (MI)    48

 Segment     Used  Free
-----------  ----  ----
00000-00003     4  0  
00004-00037    52  0  
00038-007FF  1804  188  
00800-00FFF     0  2048  
01000-017FF     0  2048  
01800-01FFF     0  2048  



