CCS PCM C Compiler, Version 5.015, 5967               31-May-19 02:32

               Filename:   C:\Users\mp3fr\OneDrive\microcontroller\slave_one_pic\theta_c\main.lst

               ROM used:   1767 words (22%)
                           Largest free fragment is 2048
               RAM used:   71 (19%) at main() level
                           86 (23%) worst case
               Stack used: 2 locations (1 in main + 1 for interrupts)
               Stack size: 8

*
0000:  MOVLW  03
0001:  MOVWF  0A
0002:  GOTO   3C1
0003:  NOP
0004:  MOVWF  7F
0005:  SWAPF  03,W
0006:  CLRF   03
0007:  MOVWF  21
0008:  MOVF   0A,W
0009:  MOVWF  20
000A:  CLRF   0A
000B:  MOVF   04,W
000C:  MOVWF  22
000D:  MOVF   77,W
000E:  MOVWF  23
000F:  MOVF   78,W
0010:  MOVWF  24
0011:  MOVF   79,W
0012:  MOVWF  25
0013:  MOVF   7A,W
0014:  MOVWF  26
0015:  BCF    03.7
0016:  BCF    03.5
0017:  BTFSS  0B.3
0018:  GOTO   01B
0019:  BTFSC  0B.0
001A:  GOTO   032
001B:  MOVLW  8C
001C:  MOVWF  04
001D:  BTFSS  00.3
001E:  GOTO   021
001F:  BTFSC  0C.3
0020:  GOTO   035
0021:  MOVF   22,W
0022:  MOVWF  04
0023:  MOVF   23,W
0024:  MOVWF  77
0025:  MOVF   24,W
0026:  MOVWF  78
0027:  MOVF   25,W
0028:  MOVWF  79
0029:  MOVF   26,W
002A:  MOVWF  7A
002B:  MOVF   20,W
002C:  MOVWF  0A
002D:  SWAPF  21,W
002E:  MOVWF  03
002F:  SWAPF  7F,F
0030:  SWAPF  7F,W
0031:  RETFIE
0032:  BCF    0A.3
0033:  BCF    0A.4
0034:  GOTO   038
0035:  BCF    0A.3
0036:  BCF    0A.4
0037:  GOTO   059
.................... #include <16F877A.h> 
.................... //////////// Standard Header file for the PIC16F877A device //////////////// 
.................... /////////////////////////////////////////////////////////////////////////// 
.................... ////        (C) Copyright 1996, 2013 Custom Computer Services          //// 
.................... //// This source code may only be used by licensed users of the CCS C  //// 
.................... //// compiler.  This source code may only be distributed to other      //// 
.................... //// licensed users of the CCS C compiler.  No other use, reproduction //// 
.................... //// or distribution is permitted without written permission.          //// 
.................... //// Derivative programs created using this software in object code    //// 
.................... //// form are not restricted in any way.                               //// 
.................... /////////////////////////////////////////////////////////////////////////// 
.................... #device PIC16F877A 
*
009F:  MOVLW  8E
00A0:  MOVWF  77
00A1:  MOVF   5F,W
00A2:  MOVWF  78
00A3:  MOVF   5E,W
00A4:  MOVWF  79
00A5:  CLRF   7A
00A6:  BTFSS  5F.7
00A7:  GOTO   0AD
00A8:  COMF   78,F
00A9:  COMF   79,F
00AA:  INCF   79,F
00AB:  BTFSC  03.2
00AC:  INCF   78,F
00AD:  MOVF   78,F
00AE:  BTFSS  03.2
00AF:  GOTO   0BA
00B0:  MOVF   79,W
00B1:  MOVWF  78
00B2:  CLRF   79
00B3:  MOVLW  08
00B4:  SUBWF  77,F
00B5:  MOVF   78,F
00B6:  BTFSS  03.2
00B7:  GOTO   0BA
00B8:  CLRF   77
00B9:  GOTO   0C3
00BA:  BCF    03.0
00BB:  BTFSC  78.7
00BC:  GOTO   0C1
00BD:  RLF    79,F
00BE:  RLF    78,F
00BF:  DECF   77,F
00C0:  GOTO   0BA
00C1:  BTFSS  5F.7
00C2:  BCF    78.7
00C3:  RETURN
00C4:  MOVF   5E,W
00C5:  BTFSC  03.2
00C6:  GOTO   189
00C7:  MOVWF  6A
00C8:  MOVF   62,W
00C9:  BTFSC  03.2
00CA:  GOTO   189
00CB:  SUBWF  6A,F
00CC:  BTFSS  03.0
00CD:  GOTO   0D3
00CE:  MOVLW  7F
00CF:  ADDWF  6A,F
00D0:  BTFSC  03.0
00D1:  GOTO   189
00D2:  GOTO   0D9
00D3:  MOVLW  81
00D4:  SUBWF  6A,F
00D5:  BTFSS  03.0
00D6:  GOTO   189
00D7:  BTFSC  03.2
00D8:  GOTO   189
00D9:  MOVF   6A,W
00DA:  MOVWF  77
00DB:  CLRF   78
00DC:  CLRF   79
00DD:  CLRF   7A
00DE:  CLRF   69
00DF:  MOVF   5F,W
00E0:  MOVWF  68
00E1:  BSF    68.7
00E2:  MOVF   60,W
00E3:  MOVWF  67
00E4:  MOVF   61,W
00E5:  MOVWF  66
00E6:  MOVLW  19
00E7:  MOVWF  6A
00E8:  MOVF   65,W
00E9:  SUBWF  66,F
00EA:  BTFSC  03.0
00EB:  GOTO   0FC
00EC:  MOVLW  01
00ED:  SUBWF  67,F
00EE:  BTFSC  03.0
00EF:  GOTO   0FC
00F0:  SUBWF  68,F
00F1:  BTFSC  03.0
00F2:  GOTO   0FC
00F3:  SUBWF  69,F
00F4:  BTFSC  03.0
00F5:  GOTO   0FC
00F6:  INCF   69,F
00F7:  INCF   68,F
00F8:  INCF   67,F
00F9:  MOVF   65,W
00FA:  ADDWF  66,F
00FB:  GOTO   12E
00FC:  MOVF   64,W
00FD:  SUBWF  67,F
00FE:  BTFSC  03.0
00FF:  GOTO   117
0100:  MOVLW  01
0101:  SUBWF  68,F
0102:  BTFSC  03.0
0103:  GOTO   117
0104:  SUBWF  69,F
0105:  BTFSC  03.0
0106:  GOTO   117
0107:  INCF   69,F
0108:  INCF   68,F
0109:  MOVF   64,W
010A:  ADDWF  67,F
010B:  MOVF   65,W
010C:  ADDWF  66,F
010D:  BTFSS  03.0
010E:  GOTO   12E
010F:  INCF   67,F
0110:  BTFSS  03.2
0111:  GOTO   12E
0112:  INCF   68,F
0113:  BTFSS  03.2
0114:  GOTO   12E
0115:  INCF   69,F
0116:  GOTO   12E
0117:  MOVF   63,W
0118:  IORLW  80
0119:  SUBWF  68,F
011A:  BTFSC  03.0
011B:  GOTO   12D
011C:  MOVLW  01
011D:  SUBWF  69,F
011E:  BTFSC  03.0
011F:  GOTO   12D
0120:  INCF   69,F
0121:  MOVF   63,W
0122:  IORLW  80
0123:  ADDWF  68,F
0124:  MOVF   64,W
0125:  ADDWF  67,F
0126:  BTFSS  03.0
0127:  GOTO   10B
0128:  INCF   68,F
0129:  BTFSS  03.2
012A:  GOTO   10B
012B:  INCF   69,F
012C:  GOTO   10B
012D:  BSF    7A.0
012E:  DECFSZ 6A,F
012F:  GOTO   131
0130:  GOTO   13C
0131:  BCF    03.0
0132:  RLF    66,F
0133:  RLF    67,F
0134:  RLF    68,F
0135:  RLF    69,F
0136:  BCF    03.0
0137:  RLF    7A,F
0138:  RLF    79,F
0139:  RLF    78,F
013A:  RLF    6B,F
013B:  GOTO   0E8
013C:  BTFSS  6B.0
013D:  GOTO   144
013E:  BCF    03.0
013F:  RRF    78,F
0140:  RRF    79,F
0141:  RRF    7A,F
0142:  RRF    6B,F
0143:  GOTO   147
0144:  DECF   77,F
0145:  BTFSC  03.2
0146:  GOTO   189
0147:  BTFSC  6B.7
0148:  GOTO   170
0149:  BCF    03.0
014A:  RLF    66,F
014B:  RLF    67,F
014C:  RLF    68,F
014D:  RLF    69,F
014E:  MOVF   65,W
014F:  SUBWF  66,F
0150:  BTFSC  03.0
0151:  GOTO   15C
0152:  MOVLW  01
0153:  SUBWF  67,F
0154:  BTFSC  03.0
0155:  GOTO   15C
0156:  SUBWF  68,F
0157:  BTFSC  03.0
0158:  GOTO   15C
0159:  SUBWF  69,F
015A:  BTFSS  03.0
015B:  GOTO   17F
015C:  MOVF   64,W
015D:  SUBWF  67,F
015E:  BTFSC  03.0
015F:  GOTO   167
0160:  MOVLW  01
0161:  SUBWF  68,F
0162:  BTFSC  03.0
0163:  GOTO   167
0164:  SUBWF  69,F
0165:  BTFSS  03.0
0166:  GOTO   17F
0167:  MOVF   63,W
0168:  IORLW  80
0169:  SUBWF  68,F
016A:  BTFSC  03.0
016B:  GOTO   170
016C:  MOVLW  01
016D:  SUBWF  69,F
016E:  BTFSS  03.0
016F:  GOTO   17F
0170:  INCF   7A,F
0171:  BTFSS  03.2
0172:  GOTO   17F
0173:  INCF   79,F
0174:  BTFSS  03.2
0175:  GOTO   17F
0176:  INCF   78,F
0177:  BTFSS  03.2
0178:  GOTO   17F
0179:  INCF   77,F
017A:  BTFSC  03.2
017B:  GOTO   189
017C:  RRF    78,F
017D:  RRF    79,F
017E:  RRF    7A,F
017F:  MOVF   5F,W
0180:  MOVWF  6A
0181:  MOVF   63,W
0182:  XORWF  6A,F
0183:  BTFSS  6A.7
0184:  GOTO   187
0185:  BSF    78.7
0186:  GOTO   18D
0187:  BCF    78.7
0188:  GOTO   18D
0189:  CLRF   77
018A:  CLRF   78
018B:  CLRF   79
018C:  CLRF   7A
018D:  RETURN
018E:  MOVF   62,W
018F:  BTFSC  03.2
0190:  GOTO   1FE
0191:  MOVWF  6A
0192:  MOVF   66,W
0193:  BTFSC  03.2
0194:  GOTO   1FE
0195:  ADDWF  6A,F
0196:  BTFSC  03.0
0197:  GOTO   19F
0198:  MOVLW  7F
0199:  SUBWF  6A,F
019A:  BTFSS  03.0
019B:  GOTO   1FE
019C:  BTFSC  03.2
019D:  GOTO   1FE
019E:  GOTO   1A3
019F:  MOVLW  81
01A0:  ADDWF  6A,F
01A1:  BTFSC  03.0
01A2:  GOTO   1FE
01A3:  MOVF   6A,W
01A4:  MOVWF  77
01A5:  CLRF   78
01A6:  CLRF   79
01A7:  CLRF   7A
01A8:  MOVF   63,W
01A9:  MOVWF  6E
01AA:  BSF    6E.7
01AB:  MOVF   64,W
01AC:  MOVWF  6D
01AD:  MOVF   65,W
01AE:  MOVWF  6C
01AF:  MOVLW  18
01B0:  MOVWF  6A
01B1:  CLRF   6B
01B2:  BTFSS  6C.0
01B3:  GOTO   1CC
01B4:  MOVF   69,W
01B5:  ADDWF  7A,F
01B6:  BTFSS  03.0
01B7:  GOTO   1BE
01B8:  INCF   79,F
01B9:  BTFSS  03.2
01BA:  GOTO   1BE
01BB:  INCF   78,F
01BC:  BTFSC  03.2
01BD:  BSF    6B.7
01BE:  MOVF   68,W
01BF:  ADDWF  79,F
01C0:  BTFSS  03.0
01C1:  GOTO   1C5
01C2:  INCF   78,F
01C3:  BTFSC  03.2
01C4:  BSF    6B.7
01C5:  MOVF   67,W
01C6:  MOVWF  64
01C7:  BSF    64.7
01C8:  MOVF   64,W
01C9:  ADDWF  78,F
01CA:  BTFSC  03.0
01CB:  BSF    6B.7
01CC:  RLF    6B,F
01CD:  RRF    78,F
01CE:  RRF    79,F
01CF:  RRF    7A,F
01D0:  RRF    6E,F
01D1:  RRF    6D,F
01D2:  RRF    6C,F
01D3:  BCF    03.0
01D4:  DECFSZ 6A,F
01D5:  GOTO   1B1
01D6:  MOVLW  01
01D7:  ADDWF  77,F
01D8:  BTFSC  03.0
01D9:  GOTO   1FE
01DA:  BTFSC  78.7
01DB:  GOTO   1E3
01DC:  RLF    6E,F
01DD:  RLF    7A,F
01DE:  RLF    79,F
01DF:  RLF    78,F
01E0:  DECF   77,F
01E1:  BTFSC  03.2
01E2:  GOTO   1FE
01E3:  BTFSS  6E.7
01E4:  GOTO   1F4
01E5:  INCF   7A,F
01E6:  BTFSS  03.2
01E7:  GOTO   1F4
01E8:  INCF   79,F
01E9:  BTFSS  03.2
01EA:  GOTO   1F4
01EB:  INCF   78,F
01EC:  BTFSS  03.2
01ED:  GOTO   1F4
01EE:  RRF    78,F
01EF:  RRF    79,F
01F0:  RRF    7A,F
01F1:  INCF   77,F
01F2:  BTFSC  03.2
01F3:  GOTO   1FE
01F4:  MOVF   63,W
01F5:  MOVWF  6B
01F6:  MOVF   67,W
01F7:  XORWF  6B,F
01F8:  BTFSS  6B.7
01F9:  GOTO   1FC
01FA:  BSF    78.7
01FB:  GOTO   202
01FC:  BCF    78.7
01FD:  GOTO   202
01FE:  CLRF   77
01FF:  CLRF   78
0200:  CLRF   79
0201:  CLRF   7A
0202:  RETURN
0203:  MOVLW  80
0204:  BTFSC  03.1
0205:  XORWF  63,F
0206:  CLRF   68
0207:  CLRF   69
0208:  MOVF   5F,W
0209:  MOVWF  67
020A:  MOVF   63,W
020B:  XORWF  67,F
020C:  MOVF   5E,W
020D:  BTFSC  03.2
020E:  GOTO   2F3
020F:  MOVWF  66
0210:  MOVWF  77
0211:  MOVF   62,W
0212:  BTFSC  03.2
0213:  GOTO   2FC
0214:  SUBWF  66,F
0215:  BTFSC  03.2
0216:  GOTO   298
0217:  BTFSS  03.0
0218:  GOTO   256
0219:  MOVF   63,W
021A:  MOVWF  6C
021B:  BSF    6C.7
021C:  MOVF   64,W
021D:  MOVWF  6B
021E:  MOVF   65,W
021F:  MOVWF  6A
0220:  CLRF   69
0221:  BCF    03.0
0222:  RRF    6C,F
0223:  RRF    6B,F
0224:  RRF    6A,F
0225:  RRF    69,F
0226:  DECFSZ 66,F
0227:  GOTO   220
0228:  BTFSS  67.7
0229:  GOTO   22D
022A:  BSF    68.0
022B:  GOTO   310
022C:  BCF    68.0
022D:  BCF    66.0
022E:  BSF    68.4
022F:  MOVLW  61
0230:  MOVWF  04
0231:  BCF    03.7
0232:  GOTO   325
0233:  BCF    68.4
0234:  BTFSC  67.7
0235:  GOTO   240
0236:  BTFSS  66.0
0237:  GOTO   24B
0238:  RRF    6C,F
0239:  RRF    6B,F
023A:  RRF    6A,F
023B:  RRF    69,F
023C:  INCF   77,F
023D:  BTFSC  03.2
023E:  GOTO   30B
023F:  GOTO   24B
0240:  BTFSC  6C.7
0241:  GOTO   24E
0242:  BCF    03.0
0243:  RLF    69,F
0244:  RLF    6A,F
0245:  RLF    6B,F
0246:  RLF    6C,F
0247:  DECF   77,F
0248:  BTFSC  03.2
0249:  GOTO   30B
024A:  GOTO   240
024B:  BSF    68.6
024C:  GOTO   2B8
024D:  BCF    68.6
024E:  MOVF   5F,W
024F:  MOVWF  67
0250:  BTFSS  67.7
0251:  GOTO   254
0252:  BSF    6C.7
0253:  GOTO   304
0254:  BCF    6C.7
0255:  GOTO   304
0256:  MOVF   62,W
0257:  MOVWF  66
0258:  MOVWF  77
0259:  MOVF   5E,W
025A:  SUBWF  66,F
025B:  MOVF   5F,W
025C:  MOVWF  6C
025D:  BSF    6C.7
025E:  MOVF   60,W
025F:  MOVWF  6B
0260:  MOVF   61,W
0261:  MOVWF  6A
0262:  CLRF   69
0263:  BCF    03.0
0264:  RRF    6C,F
0265:  RRF    6B,F
0266:  RRF    6A,F
0267:  RRF    69,F
0268:  DECFSZ 66,F
0269:  GOTO   262
026A:  BTFSS  67.7
026B:  GOTO   26F
026C:  BSF    68.1
026D:  GOTO   310
026E:  BCF    68.1
026F:  BCF    66.0
0270:  BSF    68.5
0271:  MOVLW  65
0272:  MOVWF  04
0273:  BCF    03.7
0274:  GOTO   325
0275:  BCF    68.5
0276:  BTFSC  67.7
0277:  GOTO   282
0278:  BTFSS  66.0
0279:  GOTO   28D
027A:  RRF    6C,F
027B:  RRF    6B,F
027C:  RRF    6A,F
027D:  RRF    69,F
027E:  INCF   77,F
027F:  BTFSC  03.2
0280:  GOTO   30B
0281:  GOTO   28D
0282:  BTFSC  6C.7
0283:  GOTO   290
0284:  BCF    03.0
0285:  RLF    69,F
0286:  RLF    6A,F
0287:  RLF    6B,F
0288:  RLF    6C,F
0289:  DECF   77,F
028A:  BTFSC  03.2
028B:  GOTO   30B
028C:  GOTO   282
028D:  BSF    68.7
028E:  GOTO   2B8
028F:  BCF    68.7
0290:  MOVF   63,W
0291:  MOVWF  67
0292:  BTFSS  67.7
0293:  GOTO   296
0294:  BSF    6C.7
0295:  GOTO   304
0296:  BCF    6C.7
0297:  GOTO   304
0298:  MOVF   63,W
0299:  MOVWF  6C
029A:  BSF    6C.7
029B:  MOVF   64,W
029C:  MOVWF  6B
029D:  MOVF   65,W
029E:  MOVWF  6A
029F:  BTFSS  67.7
02A0:  GOTO   2A5
02A1:  BCF    6C.7
02A2:  BSF    68.2
02A3:  GOTO   310
02A4:  BCF    68.2
02A5:  CLRF   69
02A6:  BCF    66.0
02A7:  MOVLW  61
02A8:  MOVWF  04
02A9:  BCF    03.7
02AA:  GOTO   325
02AB:  BTFSC  67.7
02AC:  GOTO   2CE
02AD:  MOVF   5F,W
02AE:  MOVWF  67
02AF:  BTFSS  66.0
02B0:  GOTO   2B8
02B1:  RRF    6C,F
02B2:  RRF    6B,F
02B3:  RRF    6A,F
02B4:  RRF    69,F
02B5:  INCF   77,F
02B6:  BTFSC  03.2
02B7:  GOTO   30B
02B8:  BTFSS  69.7
02B9:  GOTO   2C9
02BA:  INCF   6A,F
02BB:  BTFSS  03.2
02BC:  GOTO   2C9
02BD:  INCF   6B,F
02BE:  BTFSS  03.2
02BF:  GOTO   2C9
02C0:  INCF   6C,F
02C1:  BTFSS  03.2
02C2:  GOTO   2C9
02C3:  RRF    6C,F
02C4:  RRF    6B,F
02C5:  RRF    6A,F
02C6:  INCF   77,F
02C7:  BTFSC  03.2
02C8:  GOTO   30B
02C9:  BTFSC  68.6
02CA:  GOTO   24D
02CB:  BTFSC  68.7
02CC:  GOTO   28F
02CD:  GOTO   2ED
02CE:  MOVLW  80
02CF:  XORWF  6C,F
02D0:  BTFSS  6C.7
02D1:  GOTO   2D6
02D2:  GOTO   310
02D3:  MOVF   63,W
02D4:  MOVWF  67
02D5:  GOTO   2E3
02D6:  MOVF   5F,W
02D7:  MOVWF  67
02D8:  MOVF   6C,F
02D9:  BTFSS  03.2
02DA:  GOTO   2E3
02DB:  MOVF   6B,F
02DC:  BTFSS  03.2
02DD:  GOTO   2E3
02DE:  MOVF   6A,F
02DF:  BTFSS  03.2
02E0:  GOTO   2E3
02E1:  CLRF   77
02E2:  GOTO   304
02E3:  BTFSC  6C.7
02E4:  GOTO   2ED
02E5:  BCF    03.0
02E6:  RLF    69,F
02E7:  RLF    6A,F
02E8:  RLF    6B,F
02E9:  RLF    6C,F
02EA:  DECFSZ 77,F
02EB:  GOTO   2E3
02EC:  GOTO   30B
02ED:  BTFSS  67.7
02EE:  GOTO   2F1
02EF:  BSF    6C.7
02F0:  GOTO   304
02F1:  BCF    6C.7
02F2:  GOTO   304
02F3:  MOVF   62,W
02F4:  MOVWF  77
02F5:  MOVF   63,W
02F6:  MOVWF  6C
02F7:  MOVF   64,W
02F8:  MOVWF  6B
02F9:  MOVF   65,W
02FA:  MOVWF  6A
02FB:  GOTO   304
02FC:  MOVF   5E,W
02FD:  MOVWF  77
02FE:  MOVF   5F,W
02FF:  MOVWF  6C
0300:  MOVF   60,W
0301:  MOVWF  6B
0302:  MOVF   61,W
0303:  MOVWF  6A
0304:  MOVF   6C,W
0305:  MOVWF  78
0306:  MOVF   6B,W
0307:  MOVWF  79
0308:  MOVF   6A,W
0309:  MOVWF  7A
030A:  GOTO   343
030B:  CLRF   77
030C:  CLRF   78
030D:  CLRF   79
030E:  CLRF   7A
030F:  GOTO   343
0310:  CLRF   69
0311:  COMF   6A,F
0312:  COMF   6B,F
0313:  COMF   6C,F
0314:  COMF   69,F
0315:  INCF   69,F
0316:  BTFSS  03.2
0317:  GOTO   31E
0318:  INCF   6A,F
0319:  BTFSS  03.2
031A:  GOTO   31E
031B:  INCF   6B,F
031C:  BTFSC  03.2
031D:  INCF   6C,F
031E:  BTFSC  68.0
031F:  GOTO   22C
0320:  BTFSC  68.1
0321:  GOTO   26E
0322:  BTFSC  68.2
0323:  GOTO   2A4
0324:  GOTO   2D3
0325:  MOVF   00,W
0326:  ADDWF  6A,F
0327:  BTFSS  03.0
0328:  GOTO   32F
0329:  INCF   6B,F
032A:  BTFSS  03.2
032B:  GOTO   32F
032C:  INCF   6C,F
032D:  BTFSC  03.2
032E:  BSF    66.0
032F:  DECF   04,F
0330:  MOVF   00,W
0331:  ADDWF  6B,F
0332:  BTFSS  03.0
0333:  GOTO   337
0334:  INCF   6C,F
0335:  BTFSC  03.2
0336:  BSF    66.0
0337:  DECF   04,F
0338:  MOVF   00,W
0339:  BTFSS  00.7
033A:  XORLW  80
033B:  ADDWF  6C,F
033C:  BTFSC  03.0
033D:  BSF    66.0
033E:  BTFSC  68.4
033F:  GOTO   233
0340:  BTFSC  68.5
0341:  GOTO   275
0342:  GOTO   2AB
0343:  RETURN
0344:  MOVLW  8E
0345:  MOVWF  77
0346:  MOVF   5B,W
0347:  MOVWF  78
0348:  MOVF   5A,W
0349:  MOVWF  79
034A:  CLRF   7A
034B:  MOVF   78,F
034C:  BTFSS  03.2
034D:  GOTO   358
034E:  MOVF   79,W
034F:  MOVWF  78
0350:  CLRF   79
0351:  MOVLW  08
0352:  SUBWF  77,F
0353:  MOVF   78,F
0354:  BTFSS  03.2
0355:  GOTO   358
0356:  CLRF   77
0357:  GOTO   360
0358:  BCF    03.0
0359:  BTFSC  78.7
035A:  GOTO   35F
035B:  RLF    79,F
035C:  RLF    78,F
035D:  DECF   77,F
035E:  GOTO   358
035F:  BCF    78.7
0360:  BCF    0A.3
0361:  BCF    0A.4
0362:  GOTO   4E2 (RETURN)
0363:  MOVLW  8E
0364:  MOVWF  77
0365:  MOVF   5A,W
0366:  SUBWF  77,F
0367:  MOVF   5B,W
0368:  MOVWF  79
0369:  MOVF   5C,W
036A:  MOVWF  78
036B:  BSF    79.7
036C:  MOVF   77,F
036D:  BTFSC  03.2
036E:  GOTO   37A
036F:  BCF    03.0
0370:  MOVF   79,F
0371:  BTFSS  03.2
0372:  GOTO   376
0373:  MOVF   78,F
0374:  BTFSC  03.2
0375:  GOTO   37A
0376:  RRF    79,F
0377:  RRF    78,F
0378:  DECFSZ 77,F
0379:  GOTO   36F
037A:  BTFSS  5B.7
037B:  GOTO   381
037C:  COMF   78,F
037D:  COMF   79,F
037E:  INCF   78,F
037F:  BTFSC  03.2
0380:  INCF   79,F
0381:  RETURN
0382:  MOVF   5B,W
0383:  MOVWF  62
0384:  MOVF   5F,W
0385:  XORWF  62,F
0386:  BTFSS  62.7
0387:  GOTO   38D
0388:  BCF    03.2
0389:  BCF    03.0
038A:  BTFSC  5B.7
038B:  BSF    03.0
038C:  GOTO   3C0
038D:  MOVF   5B,W
038E:  MOVWF  62
038F:  MOVF   5E,W
0390:  MOVWF  63
0391:  MOVF   5A,W
0392:  SUBWF  63,F
0393:  BTFSC  03.2
0394:  GOTO   39B
0395:  BTFSS  62.7
0396:  GOTO   3C0
0397:  MOVF   03,W
0398:  XORLW  01
0399:  MOVWF  03
039A:  GOTO   3C0
039B:  MOVF   5F,W
039C:  MOVWF  63
039D:  MOVF   5B,W
039E:  SUBWF  63,F
039F:  BTFSC  03.2
03A0:  GOTO   3A7
03A1:  BTFSS  62.7
03A2:  GOTO   3C0
03A3:  MOVF   03,W
03A4:  XORLW  01
03A5:  MOVWF  03
03A6:  GOTO   3C0
03A7:  MOVF   60,W
03A8:  MOVWF  63
03A9:  MOVF   5C,W
03AA:  SUBWF  63,F
03AB:  BTFSC  03.2
03AC:  GOTO   3B3
03AD:  BTFSS  62.7
03AE:  GOTO   3C0
03AF:  MOVF   03,W
03B0:  XORLW  01
03B1:  MOVWF  03
03B2:  GOTO   3C0
03B3:  MOVF   61,W
03B4:  MOVWF  63
03B5:  MOVF   5D,W
03B6:  SUBWF  63,F
03B7:  BTFSC  03.2
03B8:  GOTO   3BF
03B9:  BTFSS  62.7
03BA:  GOTO   3C0
03BB:  MOVF   03,W
03BC:  XORLW  01
03BD:  MOVWF  03
03BE:  GOTO   3C0
03BF:  BCF    03.0
03C0:  RETURN
....................  
.................... #list 
....................  
....................  
.................... #FUSES NOWDT                    //No Watch Dog Timer 
.................... #FUSES NOBROWNOUT               //No brownout reset 
.................... #FUSES NOLVP                    //No low voltage prgming, B3(PIC16) or B5(PIC18) used for I/O 
....................  
.................... #use delay(crystal=8Mhz) 
.................... #use rs232(baud=9600,parity=N,xmit=PIN_C6,rcv=PIN_C7,bits=8,stream=PORT1) 
.................... #use i2c(Slave,sda=PIN_C4,scl=PIN_C3,force_hw,address=0x24) 
*
0081:  MOVF   70,W
0082:  MOVWF  13
0083:  BSF    14.4
0084:  BCF    0C.3
0085:  BSF    03.5
0086:  BTFSC  14.0
0087:  GOTO   086
0088:  CLRF   78
0089:  BCF    03.5
008A:  BTFSC  14.4
008B:  INCF   78,F
.................... #use fast_io(B) 
....................  
....................  
.................... #define pi 3.14159 
....................   #define kp 20 
....................    #define ki 0 
....................     #define kd 0 
....................     #define dt 0.01 //100 HZ 
....................  
.................... signed int16 start_point=0; 
.................... float encoder_value=8400; 
....................  signed long int counter = 0;  
....................  int aState; 
....................  int aLastState;   
....................  float pwmOut; 
....................  float senPosition=0; 
.................... long  set_point=0; 
.................... float error,total_error=0; 
.................... float prev_error=0; 
....................  
....................  byte buffer[4]; 
....................  int8 state;  
....................  long x_1; 
....................  long  x_2; 
.................... byte deneme[4]; 
.................... int16 sayi_1=0; 
.................... int16 sayi_2=0; 
....................   
....................  #define outputA PIN_B4 
....................  #define outputB PIN_B5 
.................... #INT_RB                                      // RB port interrupt on change 
.................... void RB_IOC_ISR(void)  
.................... {disable_interrupts(INT_SSP); 
*
0038:  BSF    03.5
0039:  BCF    0C.3
....................    aState = input(outputA);  
003A:  BCF    03.5
003B:  CLRF   30
003C:  BTFSC  06.4
003D:  INCF   30,F
....................    if (aState != aLastState){ 
003E:  MOVF   31,W
003F:  SUBWF  30,W
0040:  BTFSC  03.2
0041:  GOTO   050
....................       
....................      if (input(outputB)  != aState) { 
0042:  MOVLW  00
0043:  BTFSC  06.5
0044:  MOVLW  01
0045:  SUBWF  30,W
0046:  BTFSC  03.2
0047:  GOTO   04C
....................        counter ++; 
0048:  INCF   2E,F
0049:  BTFSC  03.2
004A:  INCF   2F,F
....................      } else { 
004B:  GOTO   050
....................        counter --; 
004C:  MOVF   2E,W
004D:  BTFSC  03.2
004E:  DECF   2F,F
004F:  DECF   2E,F
....................      }} aLastState = aState; 
0050:  MOVF   30,W
0051:  MOVWF  31
....................       
....................      enable_interrupts(INT_SSP); 
0052:  BSF    03.5
0053:  BSF    0C.3
.................... } 
0054:  BCF    03.5
0055:  BCF    0B.0
0056:  BCF    0A.3
0057:  BCF    0A.4
0058:  GOTO   021
.................... #INT_SSP 
.................... void  SSP_isr(void)  
.................... { 
....................    state = i2c_isr_state(); 
0059:  BSF    03.5
005A:  BTFSC  14.5
005B:  GOTO   064
005C:  BCF    03.5
005D:  CLRF   59
005E:  BSF    03.5
005F:  BTFSS  14.2
0060:  GOTO   064
0061:  BCF    03.5
0062:  BSF    59.7
0063:  BSF    03.5
0064:  BCF    03.5
0065:  MOVF   59,W
0066:  INCF   59,F
0067:  MOVWF  4C
....................  
....................    if((state== 0 ) || (state== 0x80)) 
0068:  MOVF   4C,F
0069:  BTFSC  03.2
006A:  GOTO   06F
006B:  MOVF   4C,W
006C:  SUBLW  80
006D:  BTFSS  03.2
006E:  GOTO   074
....................  
....................    {  i2c_read();} 
006F:  BCF    14.6
0070:  BTFSS  0C.3
0071:  GOTO   070
0072:  MOVF   13,W
0073:  BSF    14.4
....................  
....................    if(state >= 0x80) 
0074:  MOVF   4C,W
0075:  SUBLW  7F
0076:  BTFSC  03.0
0077:  GOTO   08D
....................  
....................     {  i2c_write(deneme[state-0x80]);} 
0078:  MOVLW  80
0079:  SUBWF  4C,W
007A:  ADDLW  51
007B:  MOVWF  04
007C:  BCF    03.7
007D:  MOVF   00,W
007E:  MOVWF  6F
007F:  MOVF   6F,W
0080:  MOVWF  70
*
008C:  GOTO   09B
....................  
....................    else if(state > 0) 
008D:  MOVF   4C,F
008E:  BTFSC  03.2
008F:  GOTO   09B
....................  
....................     {  buffer[state - 1] = i2c_read();} 
0090:  MOVLW  01
0091:  SUBWF  4C,W
0092:  ADDLW  48
0093:  MOVWF  04
0094:  BCF    03.7
0095:  BCF    14.6
0096:  BTFSS  0C.3
0097:  GOTO   096
0098:  MOVF   13,W
0099:  BSF    14.4
009A:  MOVWF  00
009B:  BCF    0C.3
009C:  BCF    0A.3
009D:  BCF    0A.4
009E:  GOTO   021
.................... } 
....................  
.................... void main() 
*
03C1:  MOVF   03,W
03C2:  ANDLW  1F
03C3:  MOVWF  03
03C4:  MOVLW  0C
03C5:  BSF    03.5
03C6:  MOVWF  19
03C7:  MOVLW  A2
03C8:  MOVWF  18
03C9:  MOVLW  90
03CA:  BCF    03.5
03CB:  MOVWF  18
03CC:  MOVLW  FF
03CD:  MOVWF  27
03CE:  BSF    27.3
03CF:  MOVF   27,W
03D0:  BSF    03.5
03D1:  MOVWF  07
03D2:  BCF    03.5
03D3:  BSF    27.4
03D4:  MOVF   27,W
03D5:  BSF    03.5
03D6:  MOVWF  07
03D7:  MOVLW  24
03D8:  MOVWF  13
03D9:  MOVLW  36
03DA:  BCF    03.5
03DB:  MOVWF  14
03DC:  BSF    03.5
03DD:  BSF    11.0
03DE:  BCF    03.5
03DF:  CLRF   29
03E0:  CLRF   28
03E1:  CLRF   2D
03E2:  MOVLW  40
03E3:  MOVWF  2C
03E4:  MOVLW  03
03E5:  MOVWF  2B
03E6:  MOVLW  8C
03E7:  MOVWF  2A
03E8:  CLRF   2F
03E9:  CLRF   2E
03EA:  CLRF   39
03EB:  CLRF   38
03EC:  CLRF   37
03ED:  CLRF   36
03EE:  CLRF   3B
03EF:  CLRF   3A
03F0:  CLRF   43
03F1:  CLRF   42
03F2:  CLRF   41
03F3:  CLRF   40
03F4:  CLRF   47
03F5:  CLRF   46
03F6:  CLRF   45
03F7:  CLRF   44
03F8:  CLRF   56
03F9:  CLRF   55
03FA:  CLRF   58
03FB:  CLRF   57
03FC:  MOVLW  03
03FD:  MOVWF  59
03FE:  BSF    03.5
03FF:  BSF    1F.0
0400:  BSF    1F.1
0401:  BSF    1F.2
0402:  BCF    1F.3
0403:  MOVLW  07
0404:  MOVWF  1C
0405:  BCF    03.7
.................... { 
....................  port_b_pullups(TRUE); 
0406:  BCF    01.7
....................    enable_interrupts(GLOBAL); 
0407:  MOVLW  C0
0408:  BCF    03.5
0409:  IORWF  0B,F
....................    clear_interrupt(INT_RB); 
040A:  BCF    0B.0
....................   enable_interrupts(INT_SSP); 
040B:  BSF    03.5
040C:  BSF    0C.3
....................   
....................  setup_timer_2(T2_DIV_BY_16,255,1); 
040D:  MOVLW  00
040E:  MOVWF  78
040F:  IORLW  06
0410:  BCF    03.5
0411:  MOVWF  12
0412:  MOVLW  FF
0413:  BSF    03.5
0414:  MOVWF  12
.................... set_tris_d(0x00);  
0415:  MOVLW  00
0416:  MOVWF  08
.................... output_high(pin_d1); 
0417:  BCF    08.1
0418:  BCF    03.5
0419:  BSF    08.1
....................  output_low(pin_d0); 
041A:  BSF    03.5
041B:  BCF    08.0
041C:  BCF    03.5
041D:  BCF    08.0
....................  
....................    setup_ccp1(CCP_PWM); 
041E:  BCF    27.2
041F:  MOVF   27,W
0420:  BSF    03.5
0421:  MOVWF  07
0422:  BCF    03.5
0423:  BCF    07.2
0424:  MOVLW  0C
0425:  MOVWF  17
....................    setup_ccp2(CCP_PWM); 
0426:  BCF    27.1
0427:  MOVF   27,W
0428:  BSF    03.5
0429:  MOVWF  07
042A:  BCF    03.5
042B:  BCF    07.1
042C:  MOVLW  0C
042D:  MOVWF  1D
.................... set_pwm1_duty((int16)0); 
042E:  CLRF   15
042F:  MOVF   17,W
0430:  ANDLW  CF
0431:  MOVWF  17
.................... set_pwm2_duty((int16)0); 
0432:  CLRF   1B
0433:  MOVF   1D,W
0434:  ANDLW  CF
0435:  MOVWF  1D
....................  
.................... deneme[1]=sayi_1 & 0xff; 
0436:  MOVF   55,W
0437:  MOVWF  52
.................... deneme[0]=(sayi_1 >> 8); 
0438:  MOVF   56,W
0439:  MOVWF  51
.................... deneme[3]=sayi_2 & 0xff; 
043A:  MOVF   57,W
043B:  MOVWF  54
.................... deneme[2]=(sayi_2 >> 8); 
043C:  MOVF   58,W
043D:  MOVWF  53
....................  while(input(PIN_B7)){ 
043E:  BTFSS  06.7
043F:  GOTO   444
....................  set_pwm2_duty(20); 
0440:  MOVLW  14
0441:  MOVWF  1B
....................   set_pwm1_duty(20); 
0442:  MOVWF  15
0443:  GOTO   43E
....................  } 
....................  start_point=-35; 
0444:  MOVLW  FF
0445:  MOVWF  29
0446:  MOVLW  DD
0447:  MOVWF  28
....................    enable_interrupts(INT_RB); 
0448:  BSF    0B.3
....................    while(TRUE) 
....................    { 
....................     x_1=buffer[0]; 
0449:  CLRF   4E
044A:  MOVF   48,W
044B:  MOVWF  4D
....................       x_1=x_1<<8; 
044C:  MOVF   4D,W
044D:  MOVWF  4E
044E:  CLRF   4D
....................       x_1=x_1 & 0xFF00; 
044F:  CLRF   4D
....................       x_1=x_1 | buffer[1]; 
0450:  MOVF   49,W
0451:  IORWF  4D,F
....................       set_point=x_1; 
0452:  MOVF   4E,W
0453:  MOVWF  3B
0454:  MOVF   4D,W
0455:  MOVWF  3A
....................        x_2=buffer[2]; 
0456:  CLRF   50
0457:  MOVF   4A,W
0458:  MOVWF  4F
....................       x_2=x_2<<8; 
0459:  MOVF   4F,W
045A:  MOVWF  50
045B:  CLRF   4F
....................       x_2=x_2 & 0xFF00; 
045C:  CLRF   4F
....................       x_2=x_2 | buffer[3]; 
045D:  MOVF   4B,W
045E:  IORWF  4F,F
.................... //set_point=90; 
....................    senPosition=4*pi*(counter/encoder_value); 
045F:  MOVF   2F,W
0460:  MOVWF  5F
0461:  MOVF   2E,W
0462:  MOVWF  5E
0463:  CALL   09F
0464:  MOVF   7A,W
0465:  MOVWF  61
0466:  MOVF   79,W
0467:  MOVWF  60
0468:  MOVF   78,W
0469:  MOVWF  5F
046A:  MOVF   77,W
046B:  MOVWF  5E
046C:  MOVF   2D,W
046D:  MOVWF  65
046E:  MOVF   2C,W
046F:  MOVWF  64
0470:  MOVF   2B,W
0471:  MOVWF  63
0472:  MOVF   2A,W
0473:  MOVWF  62
0474:  CALL   0C4
0475:  MOVLW  D0
0476:  MOVWF  65
0477:  MOVLW  0F
0478:  MOVWF  64
0479:  MOVLW  49
047A:  MOVWF  63
047B:  MOVLW  82
047C:  MOVWF  62
047D:  MOVF   7A,W
047E:  MOVWF  69
047F:  MOVF   79,W
0480:  MOVWF  68
0481:  MOVF   78,W
0482:  MOVWF  67
0483:  MOVF   77,W
0484:  MOVWF  66
0485:  CALL   18E
0486:  MOVF   7A,W
0487:  MOVWF  39
0488:  MOVF   79,W
0489:  MOVWF  38
048A:  MOVF   78,W
048B:  MOVWF  37
048C:  MOVF   77,W
048D:  MOVWF  36
....................      senPosition=(180*senPosition)/pi+start_point; 
048E:  CLRF   65
048F:  CLRF   64
0490:  MOVLW  34
0491:  MOVWF  63
0492:  MOVLW  86
0493:  MOVWF  62
0494:  MOVF   39,W
0495:  MOVWF  69
0496:  MOVF   38,W
0497:  MOVWF  68
0498:  MOVF   37,W
0499:  MOVWF  67
049A:  MOVF   36,W
049B:  MOVWF  66
049C:  CALL   18E
049D:  MOVF   7A,W
049E:  MOVWF  5D
049F:  MOVF   79,W
04A0:  MOVWF  5C
04A1:  MOVF   78,W
04A2:  MOVWF  5B
04A3:  MOVF   77,W
04A4:  MOVWF  5A
04A5:  MOVF   7A,W
04A6:  MOVWF  61
04A7:  MOVF   79,W
04A8:  MOVWF  60
04A9:  MOVF   78,W
04AA:  MOVWF  5F
04AB:  MOVF   77,W
04AC:  MOVWF  5E
04AD:  MOVLW  D0
04AE:  MOVWF  65
04AF:  MOVLW  0F
04B0:  MOVWF  64
04B1:  MOVLW  49
04B2:  MOVWF  63
04B3:  MOVLW  80
04B4:  MOVWF  62
04B5:  CALL   0C4
04B6:  MOVF   7A,W
04B7:  MOVWF  5D
04B8:  MOVF   79,W
04B9:  MOVWF  5C
04BA:  MOVF   78,W
04BB:  MOVWF  5B
04BC:  MOVF   77,W
04BD:  MOVWF  5A
04BE:  MOVF   29,W
04BF:  MOVWF  5F
04C0:  MOVF   28,W
04C1:  MOVWF  5E
04C2:  CALL   09F
04C3:  BCF    03.1
04C4:  MOVF   5D,W
04C5:  MOVWF  61
04C6:  MOVF   5C,W
04C7:  MOVWF  60
04C8:  MOVF   5B,W
04C9:  MOVWF  5F
04CA:  MOVF   5A,W
04CB:  MOVWF  5E
04CC:  MOVF   7A,W
04CD:  MOVWF  65
04CE:  MOVF   79,W
04CF:  MOVWF  64
04D0:  MOVF   78,W
04D1:  MOVWF  63
04D2:  MOVF   77,W
04D3:  MOVWF  62
04D4:  CALL   203
04D5:  MOVF   7A,W
04D6:  MOVWF  39
04D7:  MOVF   79,W
04D8:  MOVWF  38
04D9:  MOVF   78,W
04DA:  MOVWF  37
04DB:  MOVF   77,W
04DC:  MOVWF  36
....................       error= set_point-senPosition-500; 
04DD:  MOVF   3B,W
04DE:  MOVWF  5B
04DF:  MOVF   3A,W
04E0:  MOVWF  5A
04E1:  GOTO   344
04E2:  BSF    03.1
04E3:  MOVF   7A,W
04E4:  MOVWF  61
04E5:  MOVF   79,W
04E6:  MOVWF  60
04E7:  MOVF   78,W
04E8:  MOVWF  5F
04E9:  MOVF   77,W
04EA:  MOVWF  5E
04EB:  MOVF   39,W
04EC:  MOVWF  65
04ED:  MOVF   38,W
04EE:  MOVWF  64
04EF:  MOVF   37,W
04F0:  MOVWF  63
04F1:  MOVF   36,W
04F2:  MOVWF  62
04F3:  CALL   203
04F4:  MOVF   7A,W
04F5:  MOVWF  5D
04F6:  MOVF   79,W
04F7:  MOVWF  5C
04F8:  MOVF   78,W
04F9:  MOVWF  5B
04FA:  MOVF   77,W
04FB:  MOVWF  5A
04FC:  BSF    03.1
04FD:  MOVF   7A,W
04FE:  MOVWF  61
04FF:  MOVF   79,W
0500:  MOVWF  60
0501:  MOVF   78,W
0502:  MOVWF  5F
0503:  MOVF   77,W
0504:  MOVWF  5E
0505:  CLRF   65
0506:  CLRF   64
0507:  MOVLW  7A
0508:  MOVWF  63
0509:  MOVLW  87
050A:  MOVWF  62
050B:  CALL   203
050C:  MOVF   7A,W
050D:  MOVWF  3F
050E:  MOVF   79,W
050F:  MOVWF  3E
0510:  MOVF   78,W
0511:  MOVWF  3D
0512:  MOVF   77,W
0513:  MOVWF  3C
....................        
....................       sayi_2=senPosition; 
0514:  MOVF   39,W
0515:  MOVWF  5D
0516:  MOVF   38,W
0517:  MOVWF  5C
0518:  MOVF   37,W
0519:  MOVWF  5B
051A:  MOVF   36,W
051B:  MOVWF  5A
051C:  CALL   363
051D:  MOVF   79,W
051E:  MOVWF  58
051F:  MOVF   78,W
0520:  MOVWF  57
.................... deneme[1]=sayi_1 & 0xff; 
0521:  MOVF   55,W
0522:  MOVWF  52
.................... deneme[0]=(sayi_1 >> 8); 
0523:  MOVF   56,W
0524:  MOVWF  51
.................... deneme[3]=sayi_2 & 0xff; 
0525:  MOVF   57,W
0526:  MOVWF  54
.................... deneme[2]=(sayi_2 >> 8); 
0527:  MOVF   58,W
0528:  MOVWF  53
....................        
....................       
....................       total_error=total_error+error*(ki); 
0529:  MOVF   3F,W
052A:  MOVWF  65
052B:  MOVF   3E,W
052C:  MOVWF  64
052D:  MOVF   3D,W
052E:  MOVWF  63
052F:  MOVF   3C,W
0530:  MOVWF  62
0531:  CLRF   69
0532:  CLRF   68
0533:  CLRF   67
0534:  CLRF   66
0535:  CALL   18E
0536:  BCF    03.1
0537:  MOVF   43,W
0538:  MOVWF  61
0539:  MOVF   42,W
053A:  MOVWF  60
053B:  MOVF   41,W
053C:  MOVWF  5F
053D:  MOVF   40,W
053E:  MOVWF  5E
053F:  MOVF   7A,W
0540:  MOVWF  65
0541:  MOVF   79,W
0542:  MOVWF  64
0543:  MOVF   78,W
0544:  MOVWF  63
0545:  MOVF   77,W
0546:  MOVWF  62
0547:  CALL   203
0548:  MOVF   7A,W
0549:  MOVWF  43
054A:  MOVF   79,W
054B:  MOVWF  42
054C:  MOVF   78,W
054D:  MOVWF  41
054E:  MOVF   77,W
054F:  MOVWF  40
....................    
....................       if(total_error>1000){total_error=1000;} 
0550:  CLRF   5D
0551:  CLRF   5C
0552:  MOVLW  7A
0553:  MOVWF  5B
0554:  MOVLW  88
0555:  MOVWF  5A
0556:  MOVF   43,W
0557:  MOVWF  61
0558:  MOVF   42,W
0559:  MOVWF  60
055A:  MOVF   41,W
055B:  MOVWF  5F
055C:  MOVF   40,W
055D:  MOVWF  5E
055E:  CALL   382
055F:  BTFSS  03.0
0560:  GOTO   567
0561:  CLRF   43
0562:  CLRF   42
0563:  MOVLW  7A
0564:  MOVWF  41
0565:  MOVLW  88
0566:  MOVWF  40
....................   
....................       if(total_error<-1000){total_error=-1000;} 
0567:  MOVF   43,W
0568:  MOVWF  5D
0569:  MOVF   42,W
056A:  MOVWF  5C
056B:  MOVF   41,W
056C:  MOVWF  5B
056D:  MOVF   40,W
056E:  MOVWF  5A
056F:  CLRF   61
0570:  CLRF   60
0571:  MOVLW  FA
0572:  MOVWF  5F
0573:  MOVLW  88
0574:  MOVWF  5E
0575:  CALL   382
0576:  BTFSS  03.0
0577:  GOTO   57E
0578:  CLRF   43
0579:  CLRF   42
057A:  MOVLW  FA
057B:  MOVWF  41
057C:  MOVLW  88
057D:  MOVWF  40
....................   
....................       pwmOut=kp*(error)+(dt*total_error)+(prev_error-error)*(1/dt)*kd; 
057E:  CLRF   65
057F:  CLRF   64
0580:  MOVLW  20
0581:  MOVWF  63
0582:  MOVLW  83
0583:  MOVWF  62
0584:  MOVF   3F,W
0585:  MOVWF  69
0586:  MOVF   3E,W
0587:  MOVWF  68
0588:  MOVF   3D,W
0589:  MOVWF  67
058A:  MOVF   3C,W
058B:  MOVWF  66
058C:  CALL   18E
058D:  MOVF   7A,W
058E:  MOVWF  5D
058F:  MOVF   79,W
0590:  MOVWF  5C
0591:  MOVF   78,W
0592:  MOVWF  5B
0593:  MOVF   77,W
0594:  MOVWF  5A
0595:  MOVLW  0A
0596:  MOVWF  65
0597:  MOVLW  D7
0598:  MOVWF  64
0599:  MOVLW  23
059A:  MOVWF  63
059B:  MOVLW  78
059C:  MOVWF  62
059D:  MOVF   43,W
059E:  MOVWF  69
059F:  MOVF   42,W
05A0:  MOVWF  68
05A1:  MOVF   41,W
05A2:  MOVWF  67
05A3:  MOVF   40,W
05A4:  MOVWF  66
05A5:  CALL   18E
05A6:  BCF    03.1
05A7:  MOVF   5D,W
05A8:  MOVWF  61
05A9:  MOVF   5C,W
05AA:  MOVWF  60
05AB:  MOVF   5B,W
05AC:  MOVWF  5F
05AD:  MOVF   5A,W
05AE:  MOVWF  5E
05AF:  MOVF   7A,W
05B0:  MOVWF  65
05B1:  MOVF   79,W
05B2:  MOVWF  64
05B3:  MOVF   78,W
05B4:  MOVWF  63
05B5:  MOVF   77,W
05B6:  MOVWF  62
05B7:  CALL   203
05B8:  MOVF   7A,W
05B9:  MOVWF  5D
05BA:  MOVF   79,W
05BB:  MOVWF  5C
05BC:  MOVF   78,W
05BD:  MOVWF  5B
05BE:  MOVF   77,W
05BF:  MOVWF  5A
05C0:  BSF    03.1
05C1:  MOVF   47,W
05C2:  MOVWF  61
05C3:  MOVF   46,W
05C4:  MOVWF  60
05C5:  MOVF   45,W
05C6:  MOVWF  5F
05C7:  MOVF   44,W
05C8:  MOVWF  5E
05C9:  MOVF   3F,W
05CA:  MOVWF  65
05CB:  MOVF   3E,W
05CC:  MOVWF  64
05CD:  MOVF   3D,W
05CE:  MOVWF  63
05CF:  MOVF   3C,W
05D0:  MOVWF  62
05D1:  CALL   203
05D2:  MOVF   7A,W
05D3:  MOVWF  61
05D4:  MOVF   79,W
05D5:  MOVWF  60
05D6:  MOVF   78,W
05D7:  MOVWF  5F
05D8:  MOVF   77,W
05D9:  MOVWF  5E
05DA:  MOVF   7A,W
05DB:  MOVWF  65
05DC:  MOVF   79,W
05DD:  MOVWF  64
05DE:  MOVF   78,W
05DF:  MOVWF  63
05E0:  MOVF   77,W
05E1:  MOVWF  62
05E2:  CLRF   69
05E3:  CLRF   68
05E4:  MOVLW  48
05E5:  MOVWF  67
05E6:  MOVLW  85
05E7:  MOVWF  66
05E8:  CALL   18E
05E9:  MOVF   7A,W
05EA:  MOVWF  61
05EB:  MOVF   79,W
05EC:  MOVWF  60
05ED:  MOVF   78,W
05EE:  MOVWF  5F
05EF:  MOVF   77,W
05F0:  MOVWF  5E
05F1:  MOVF   7A,W
05F2:  MOVWF  65
05F3:  MOVF   79,W
05F4:  MOVWF  64
05F5:  MOVF   78,W
05F6:  MOVWF  63
05F7:  MOVF   77,W
05F8:  MOVWF  62
05F9:  CLRF   69
05FA:  CLRF   68
05FB:  CLRF   67
05FC:  CLRF   66
05FD:  CALL   18E
05FE:  BCF    03.1
05FF:  MOVF   5D,W
0600:  MOVWF  61
0601:  MOVF   5C,W
0602:  MOVWF  60
0603:  MOVF   5B,W
0604:  MOVWF  5F
0605:  MOVF   5A,W
0606:  MOVWF  5E
0607:  MOVF   7A,W
0608:  MOVWF  65
0609:  MOVF   79,W
060A:  MOVWF  64
060B:  MOVF   78,W
060C:  MOVWF  63
060D:  MOVF   77,W
060E:  MOVWF  62
060F:  CALL   203
0610:  MOVF   7A,W
0611:  MOVWF  35
0612:  MOVF   79,W
0613:  MOVWF  34
0614:  MOVF   78,W
0615:  MOVWF  33
0616:  MOVF   77,W
0617:  MOVWF  32
....................    
....................       prev_error=error; 
0618:  MOVF   3F,W
0619:  MOVWF  47
061A:  MOVF   3E,W
061B:  MOVWF  46
061C:  MOVF   3D,W
061D:  MOVWF  45
061E:  MOVF   3C,W
061F:  MOVWF  44
....................        
....................  sayi_1=set_point; 
0620:  MOVF   3B,W
0621:  MOVWF  56
0622:  MOVF   3A,W
0623:  MOVWF  55
....................       if(pwmOut>255){pwmOut=255;} 
0624:  CLRF   5D
0625:  CLRF   5C
0626:  MOVLW  7F
0627:  MOVWF  5B
0628:  MOVLW  86
0629:  MOVWF  5A
062A:  MOVF   35,W
062B:  MOVWF  61
062C:  MOVF   34,W
062D:  MOVWF  60
062E:  MOVF   33,W
062F:  MOVWF  5F
0630:  MOVF   32,W
0631:  MOVWF  5E
0632:  CALL   382
0633:  BTFSS  03.0
0634:  GOTO   63B
0635:  CLRF   35
0636:  CLRF   34
0637:  MOVLW  7F
0638:  MOVWF  33
0639:  MOVLW  86
063A:  MOVWF  32
....................    
....................       if(pwmOut<-255){pwmOut=-255;} 
063B:  MOVF   35,W
063C:  MOVWF  5D
063D:  MOVF   34,W
063E:  MOVWF  5C
063F:  MOVF   33,W
0640:  MOVWF  5B
0641:  MOVF   32,W
0642:  MOVWF  5A
0643:  CLRF   61
0644:  CLRF   60
0645:  MOVLW  FF
0646:  MOVWF  5F
0647:  MOVLW  86
0648:  MOVWF  5E
0649:  CALL   382
064A:  BTFSS  03.0
064B:  GOTO   652
064C:  CLRF   35
064D:  CLRF   34
064E:  MOVLW  FF
064F:  MOVWF  33
0650:  MOVLW  86
0651:  MOVWF  32
.................... if(pwmOut>0){ 
0652:  CLRF   5D
0653:  CLRF   5C
0654:  CLRF   5B
0655:  CLRF   5A
0656:  MOVF   35,W
0657:  MOVWF  61
0658:  MOVF   34,W
0659:  MOVWF  60
065A:  MOVF   33,W
065B:  MOVWF  5F
065C:  MOVF   32,W
065D:  MOVWF  5E
065E:  CALL   382
065F:  BTFSS  03.0
0660:  GOTO   67F
....................  //digitalWrite(en2, HIGH); 
....................  output_high(pin_d1); 
0661:  BSF    03.5
0662:  BCF    08.1
0663:  BCF    03.5
0664:  BSF    08.1
....................  output_low(pin_d0); 
0665:  BSF    03.5
0666:  BCF    08.0
0667:  BCF    03.5
0668:  BCF    08.0
.................... //set_pwm2_duty(0); 
....................     set_pwm1_duty((int8)(pwmOut)); 
0669:  MOVF   35,W
066A:  MOVWF  5D
066B:  MOVF   34,W
066C:  MOVWF  5C
066D:  MOVF   33,W
066E:  MOVWF  5B
066F:  MOVF   32,W
0670:  MOVWF  5A
0671:  CALL   363
0672:  MOVF   78,W
0673:  MOVWF  15
....................     set_pwm2_duty((int8)(pwmOut)); 
0674:  MOVF   35,W
0675:  MOVWF  5D
0676:  MOVF   34,W
0677:  MOVWF  5C
0678:  MOVF   33,W
0679:  MOVWF  5B
067A:  MOVF   32,W
067B:  MOVWF  5A
067C:  CALL   363
067D:  MOVF   78,W
067E:  MOVWF  1B
.................... } 
....................   
....................  
.................... if(pwmOut<0){ 
067F:  MOVF   35,W
0680:  MOVWF  5D
0681:  MOVF   34,W
0682:  MOVWF  5C
0683:  MOVF   33,W
0684:  MOVWF  5B
0685:  MOVF   32,W
0686:  MOVWF  5A
0687:  CLRF   61
0688:  CLRF   60
0689:  CLRF   5F
068A:  CLRF   5E
068B:  CALL   382
068C:  BTFSS  03.0
068D:  GOTO   6E5
.................... //digitalWrite(en2, LOW); 
.................... pwmOut=-1*pwmOut; 
068E:  CLRF   65
068F:  CLRF   64
0690:  MOVLW  80
0691:  MOVWF  63
0692:  MOVLW  7F
0693:  MOVWF  62
0694:  MOVF   35,W
0695:  MOVWF  69
0696:  MOVF   34,W
0697:  MOVWF  68
0698:  MOVF   33,W
0699:  MOVWF  67
069A:  MOVF   32,W
069B:  MOVWF  66
069C:  CALL   18E
069D:  MOVF   7A,W
069E:  MOVWF  35
069F:  MOVF   79,W
06A0:  MOVWF  34
06A1:  MOVF   78,W
06A2:  MOVWF  33
06A3:  MOVF   77,W
06A4:  MOVWF  32
.................... output_high(pin_d0); 
06A5:  BSF    03.5
06A6:  BCF    08.0
06A7:  BCF    03.5
06A8:  BSF    08.0
....................  output_low(pin_d1); 
06A9:  BSF    03.5
06AA:  BCF    08.1
06AB:  BCF    03.5
06AC:  BCF    08.1
.................... set_pwm2_duty((int8)(pwmOut/1.2)); 
06AD:  MOVF   35,W
06AE:  MOVWF  61
06AF:  MOVF   34,W
06B0:  MOVWF  60
06B1:  MOVF   33,W
06B2:  MOVWF  5F
06B3:  MOVF   32,W
06B4:  MOVWF  5E
06B5:  MOVLW  9A
06B6:  MOVWF  65
06B7:  MOVLW  99
06B8:  MOVWF  64
06B9:  MOVLW  19
06BA:  MOVWF  63
06BB:  MOVLW  7F
06BC:  MOVWF  62
06BD:  CALL   0C4
06BE:  MOVF   7A,W
06BF:  MOVWF  5D
06C0:  MOVF   79,W
06C1:  MOVWF  5C
06C2:  MOVF   78,W
06C3:  MOVWF  5B
06C4:  MOVF   77,W
06C5:  MOVWF  5A
06C6:  CALL   363
06C7:  MOVF   78,W
06C8:  MOVWF  1B
.................... set_pwm1_duty((int8)(pwmOut/1.2)); 
06C9:  MOVF   35,W
06CA:  MOVWF  61
06CB:  MOVF   34,W
06CC:  MOVWF  60
06CD:  MOVF   33,W
06CE:  MOVWF  5F
06CF:  MOVF   32,W
06D0:  MOVWF  5E
06D1:  MOVLW  9A
06D2:  MOVWF  65
06D3:  MOVLW  99
06D4:  MOVWF  64
06D5:  MOVLW  19
06D6:  MOVWF  63
06D7:  MOVLW  7F
06D8:  MOVWF  62
06D9:  CALL   0C4
06DA:  MOVF   7A,W
06DB:  MOVWF  5D
06DC:  MOVF   79,W
06DD:  MOVWF  5C
06DE:  MOVF   78,W
06DF:  MOVWF  5B
06E0:  MOVF   77,W
06E1:  MOVWF  5A
06E2:  CALL   363
06E3:  MOVF   78,W
06E4:  MOVWF  15
....................     //set_pwm1_duty(0);   
....................      
....................     } 
06E5:  GOTO   449
.................... //printf("%ld \n",(int16)pwmOut); 
....................    //delay_ms (5); 
....................  
....................      
....................     } 
....................    
....................  
.................... } 
....................  
06E6:  SLEEP

Configuration Fuses:
   Word  1: 3F32   HS NOWDT PUT NOBROWNOUT NOLVP NOCPD NOWRT NODEBUG NOPROTECT
