
ROM used:   1767/8192 (22%)
            1767/8192 (22%) including unused fragments

            2.1 Average locations per line
            19.4 Average locations per statement

RAM used:   71/368 (19%) at main() level
            86/368 (23%) worst case

Stack used: 2 worst case (1 in main + 1 for interrupts)
Stack size: 8

Lines Stmts  %   Files
----- ----- ---  -----
  165    91 100  main.c
  671     0   0  ..\..\..\..\..\..\Program Files (x86)\PICC\Devices\16F877A.h
----- -----
  836    91 Total

Page ROM  %  RAM   Vol Diff  Functions:
---- --- --- ---   --- ----  ----------
 Inline         1             @I2C_WRITE_1
0     33   2    1   207  4.0  RB_IOC_ISR
0     70   4    2   270  5.5  SSP_isr
0    806  46    8  3005  9.1  MAIN
0     37   2    2             @SITOF
0    202  11   14             @DIVFF
0    117   7   13             @MULFF
0    321  18   16             @ADDFF
0     31   2    2             @ITOF
0     31   2    4             @SFTOI
0     63   4   10             @FLT
 Inline         0             @cinit1

Program metrics:
    Functions               3
    Statements              91
    Comments                126
    Volume (V)              3955
    Difficulty (D)          18.5
    Effort to implement (E) 73048
    Time to implement (T)   1 hours, 8 minutes
    Est Delivered Bugs (B)  1
    Cyclomatic Complexity   11
    Maintainability (MI)    49

 Segment     Used  Free
-----------  ----  ----
00000-00003     4  0  
00004-00037    52  0  
00038-007FF  1711  281  
00800-00FFF     0  2048  
01000-017FF     0  2048  
01800-01FFF     0  2048  



